d:\scoala\anul 4\sem2\fireparticlesimulation\fireparticlesimulation\x64\debug\vc143.pdb
d:\scoala\anul 4\sem2\fireparticlesimulation\fireparticlesimulation\x64\debug\vc143.idb
d:\scoala\anul 4\sem2\fireparticlesimulation\fireparticlesimulation\x64\debug\wrapper_glfw.obj
d:\scoala\anul 4\sem2\fireparticlesimulation\fireparticlesimulation\x64\debug\textureloader.obj
d:\scoala\anul 4\sem2\fireparticlesimulation\fireparticlesimulation\x64\debug\terrain_object.obj
d:\scoala\anul 4\sem2\fireparticlesimulation\fireparticlesimulation\x64\debug\smokeparticleeffect.obj
d:\scoala\anul 4\sem2\fireparticlesimulation\fireparticlesimulation\x64\debug\skybox.obj
d:\scoala\anul 4\sem2\fireparticlesimulation\fireparticlesimulation\x64\debug\main.obj
d:\scoala\anul 4\sem2\fireparticlesimulation\fireparticlesimulation\x64\debug\fireparticleeffect.obj
d:\scoala\anul 4\sem2\fireparticlesimulation\fireparticlesimulation\x64\debug\cylinder.obj
d:\scoala\anul 4\sem2\fireparticlesimulation\fireparticlesimulation\x64\debug\camera.obj
d:\scoala\anul 4\sem2\fireparticlesimulation\fireparticlesimulation\x64\debug\bonfire.obj
d:\scoala\anul 4\sem2\fireparticlesimulation\fireparticlesimulation\x64\debug\instancedforest.obj
d:\scoala\anul 4\sem2\fireparticlesimulation\fireparticlesimulation\x64\debug\forestfloor.obj
d:\scoala\anul 4\sem2\fireparticlesimulation\fireparticlesimulation\x64\debug\shadow.obj
d:\scoala\anul 4\sem2\fireparticlesimulation\fireparticlesimulation\x64\debug\shrub.obj
d:\scoala\anul 4\sem2\fireparticlesimulation\x64\debug\glfw3.dll
d:\scoala\anul 4\sem2\fireparticlesimulation\x64\debug\fireparticlesimulation.exe
d:\scoala\anul 4\sem2\fireparticlesimulation\fireparticlesimulation\x64\debug\fireparticlesimulation.ilk
d:\scoala\anul 4\sem2\fireparticlesimulation\x64\debug\fireparticlesimulation.pdb
d:\scoala\anul 4\sem2\fireparticlesimulation\fireparticlesimulation\x64\debug\instancedforest.obj.enc
d:\scoala\anul 4\sem2\fireparticlesimulation\fireparticlesimulation\x64\debug\firepart.2f58e906.tlog\cl.command.1.tlog
d:\scoala\anul 4\sem2\fireparticlesimulation\fireparticlesimulation\x64\debug\firepart.2f58e906.tlog\cl.read.1.tlog
d:\scoala\anul 4\sem2\fireparticlesimulation\fireparticlesimulation\x64\debug\firepart.2f58e906.tlog\cl.write.1.tlog
d:\scoala\anul 4\sem2\fireparticlesimulation\fireparticlesimulation\x64\debug\firepart.2f58e906.tlog\fireparticlesimulation.write.1u.tlog
d:\scoala\anul 4\sem2\fireparticlesimulation\fireparticlesimulation\x64\debug\firepart.2f58e906.tlog\link.command.1.tlog
d:\scoala\anul 4\sem2\fireparticlesimulation\fireparticlesimulation\x64\debug\firepart.2f58e906.tlog\link.read.1.tlog
d:\scoala\anul 4\sem2\fireparticlesimulation\fireparticlesimulation\x64\debug\firepart.2f58e906.tlog\link.write.1.tlog
